{"error":{"service":"user-service","level":"info","message":"POST /api/v1/roles","timestamp":"2024-11-10T18:40:31.558Z"}}
{"error":{"service":"user-service","level":"info","message":"POST /api/v1/roles","timestamp":"2024-11-10T18:43:21.776Z"}}
{"error":{"service":"user-service","level":"info","message":"POST /api/v1/permissions","timestamp":"2024-11-10T18:43:36.435Z"}}
{"error":{"service":"user-service","statusCode":404,"level":"warn","message":"Request not found!","timestamp":"2024-11-10T18:43:36.438Z"}}
{"error":{"service":"user-service","statusCode":404,"stack":"Error: Request not found!\n    at notFoundHandler (N:\\Interviewed Tasks\\Infinity Solution\\server_v1\\src\\middlewares\\notFountHandler.ts:6:17)\n    at Layer.handle [as handle_request] (N:\\Interviewed Tasks\\Infinity Solution\\server_v1\\node_modules\\express\\lib\\router\\layer.js:95:5)\n    at trim_prefix (N:\\Interviewed Tasks\\Infinity Solution\\server_v1\\node_modules\\express\\lib\\router\\index.js:328:13)\n    at N:\\Interviewed Tasks\\Infinity Solution\\server_v1\\node_modules\\express\\lib\\router\\index.js:286:9\n    at Function.process_params (N:\\Interviewed Tasks\\Infinity Solution\\server_v1\\node_modules\\express\\lib\\router\\index.js:346:12)\n    at next (N:\\Interviewed Tasks\\Infinity Solution\\server_v1\\node_modules\\express\\lib\\router\\index.js:280:10)\n    at N:\\Interviewed Tasks\\Infinity Solution\\server_v1\\node_modules\\express\\lib\\router\\index.js:646:15\n    at Immediate.next (N:\\Interviewed Tasks\\Infinity Solution\\server_v1\\node_modules\\express\\lib\\router\\index.js:265:14)\n    at Immediate._onImmediate (N:\\Interviewed Tasks\\Infinity Solution\\server_v1\\node_modules\\express\\lib\\router\\index.js:646:15)\n    at processImmediate (node:internal/timers:493:21)","level":"error","message":"Request not found!","timestamp":"2024-11-10T18:43:36.451Z"}}
{"error":{"service":"user-service","level":"info","message":"POST /api/v1/permissions","timestamp":"2024-11-10T18:45:37.025Z"}}
{"error":{"service":"user-service","statusCode":404,"level":"warn","message":"Request not found!","timestamp":"2024-11-10T18:45:37.030Z"}}
{"error":{"service":"user-service","statusCode":404,"stack":"Error: Request not found!\n    at notFoundHandler (N:\\Interviewed Tasks\\Infinity Solution\\server_v1\\src\\middlewares\\notFountHandler.ts:6:17)\n    at Layer.handle [as handle_request] (N:\\Interviewed Tasks\\Infinity Solution\\server_v1\\node_modules\\express\\lib\\router\\layer.js:95:5)\n    at trim_prefix (N:\\Interviewed Tasks\\Infinity Solution\\server_v1\\node_modules\\express\\lib\\router\\index.js:328:13)\n    at N:\\Interviewed Tasks\\Infinity Solution\\server_v1\\node_modules\\express\\lib\\router\\index.js:286:9\n    at Function.process_params (N:\\Interviewed Tasks\\Infinity Solution\\server_v1\\node_modules\\express\\lib\\router\\index.js:346:12)\n    at next (N:\\Interviewed Tasks\\Infinity Solution\\server_v1\\node_modules\\express\\lib\\router\\index.js:280:10)\n    at N:\\Interviewed Tasks\\Infinity Solution\\server_v1\\node_modules\\express\\lib\\router\\index.js:646:15\n    at Immediate.next (N:\\Interviewed Tasks\\Infinity Solution\\server_v1\\node_modules\\express\\lib\\router\\index.js:265:14)\n    at Immediate._onImmediate (N:\\Interviewed Tasks\\Infinity Solution\\server_v1\\node_modules\\express\\lib\\router\\index.js:646:15)\n    at processImmediate (node:internal/timers:493:21)","level":"error","message":"Request not found!","timestamp":"2024-11-10T18:45:37.032Z"}}
{"error":{"service":"user-service","level":"info","message":"POST /api/v1/permissions","timestamp":"2024-11-10T18:45:58.107Z"}}
{"error":{"service":"user-service","level":"info","message":"POST /api/v1/permissions","timestamp":"2024-11-10T18:46:14.448Z"}}
{"error":{"service":"user-service","level":"info","message":"POST /api/v1/permissions","timestamp":"2024-11-10T18:46:20.881Z"}}
{"error":{"service":"user-service","level":"info","message":"POST /api/v1/permissions","timestamp":"2024-11-10T18:46:23.604Z"}}
{"error":{"service":"user-service","level":"info","message":"POST /api/v1/permissions","timestamp":"2024-11-10T18:46:26.154Z"}}
{"error":{"service":"user-service","level":"info","message":"POST /api/v1/permissions","timestamp":"2024-11-10T18:46:31.678Z"}}
{"error":{"service":"user-service","level":"info","message":"POST /api/v1/permissions","timestamp":"2024-11-10T18:46:36.370Z"}}
{"error":{"service":"user-service","level":"info","message":"POST /api/v1/permissions","timestamp":"2024-11-10T18:46:39.049Z"}}
{"error":{"service":"user-service","level":"info","message":"POST /api/v1/permissions","timestamp":"2024-11-10T18:46:41.174Z"}}
{"error":{"service":"user-service","level":"info","message":"POST /api/v1/permissions","timestamp":"2024-11-10T18:46:44.516Z"}}
{"error":{"service":"user-service","level":"info","message":"POST /api/v1/permissions","timestamp":"2024-11-10T18:46:47.114Z"}}
{"error":{"service":"user-service","level":"info","message":"POST /api/v1/permissions","timestamp":"2024-11-10T18:46:56.091Z"}}
{"error":{"service":"user-service","level":"info","message":"POST /api/v1/permissions","timestamp":"2024-11-10T18:46:59.148Z"}}
{"error":{"service":"user-service","level":"info","message":"POST /api/v1/permissions","timestamp":"2024-11-10T18:47:02.266Z"}}
{"error":{"service":"user-service","level":"info","message":"POST /api/v1/auth/register","timestamp":"2024-11-10T18:55:12.212Z"}}
{"error":{"service":"user-service","statusCode":403,"stack":"Error: Something went wrong, please refresh the page or contact us\n    at csrfProtection (N:\\Interviewed Tasks\\Infinity Solution\\server_v1\\src\\middlewares\\csrfTokenHandler.ts:36:19)\n    at Layer.handle [as handle_request] (N:\\Interviewed Tasks\\Infinity Solution\\server_v1\\node_modules\\express\\lib\\router\\layer.js:95:5)\n    at next (N:\\Interviewed Tasks\\Infinity Solution\\server_v1\\node_modules\\express\\lib\\router\\route.js:149:13)\n    at Route.dispatch (N:\\Interviewed Tasks\\Infinity Solution\\server_v1\\node_modules\\express\\lib\\router\\route.js:119:3)\n    at Layer.handle [as handle_request] (N:\\Interviewed Tasks\\Infinity Solution\\server_v1\\node_modules\\express\\lib\\router\\layer.js:95:5)\n    at N:\\Interviewed Tasks\\Infinity Solution\\server_v1\\node_modules\\express\\lib\\router\\index.js:284:15\n    at Function.process_params (N:\\Interviewed Tasks\\Infinity Solution\\server_v1\\node_modules\\express\\lib\\router\\index.js:346:12)\n    at next (N:\\Interviewed Tasks\\Infinity Solution\\server_v1\\node_modules\\express\\lib\\router\\index.js:280:10)\n    at Function.handle (N:\\Interviewed Tasks\\Infinity Solution\\server_v1\\node_modules\\express\\lib\\router\\index.js:175:3)\n    at router (N:\\Interviewed Tasks\\Infinity Solution\\server_v1\\node_modules\\express\\lib\\router\\index.js:47:12)","level":"error","message":"Something went wrong, please refresh the page or contact us","timestamp":"2024-11-10T18:55:12.330Z"}}
{"error":{"service":"user-service","level":"info","message":"GET /api/v1/csrf-token","timestamp":"2024-11-10T18:55:18.445Z"}}
{"error":{"service":"user-service","level":"info","message":"GET /api/v1/csrf-token","timestamp":"2024-11-10T18:55:28.557Z"}}
{"error":{"service":"user-service","level":"info","message":"GET /api/v1/csrf-token","timestamp":"2024-11-10T18:55:32.881Z"}}
{"error":{"service":"user-service","level":"info","message":"POST /api/v1/auth/register","timestamp":"2024-11-10T18:55:40.804Z"}}
{"error":{"service":"user-service","statusCode":404,"stack":"Error: Role user does not exist\n    at registerUser (N:\\Interviewed Tasks\\Infinity Solution\\server_v1\\src\\controller\\auth\\index.ts:38:19)","level":"error","message":"Role user does not exist","timestamp":"2024-11-10T18:55:43.041Z"}}
{"error":{"service":"user-service","level":"info","message":"POST /api/v1/roles","timestamp":"2024-11-10T18:55:55.109Z"}}
{"error":{"service":"user-service","level":"info","message":"POST /api/v1/roles","timestamp":"2024-11-10T18:56:01.442Z"}}
{"error":{"service":"user-service","level":"info","message":"POST /api/v1/auth/register","timestamp":"2024-11-10T18:57:12.848Z"}}
{"error":{"service":"user-service","level":"info","message":"POST /api/v1/auth/register","timestamp":"2024-11-10T18:57:23.301Z"}}
{"error":{"service":"user-service","level":"info","message":"GET /api/v1/csrf-token","timestamp":"2024-11-10T18:57:29.076Z"}}
{"error":{"service":"user-service","level":"info","message":"GET /api/v1/csrf-token","timestamp":"2024-11-10T18:57:29.102Z"}}
{"error":{"service":"user-service","level":"info","message":"GET /api/v1/users/by-token","timestamp":"2024-11-10T18:57:29.735Z"}}
{"error":{"service":"user-service","statusCode":404,"level":"warn","message":"Request not found!","timestamp":"2024-11-10T18:57:29.776Z"}}
{"error":{"service":"user-service","statusCode":404,"stack":"Error: Request not found!\n    at notFoundHandler (N:\\Interviewed Tasks\\Infinity Solution\\server_v1\\src\\middlewares\\notFountHandler.ts:6:17)\n    at Layer.handle [as handle_request] (N:\\Interviewed Tasks\\Infinity Solution\\server_v1\\node_modules\\express\\lib\\router\\layer.js:95:5)\n    at trim_prefix (N:\\Interviewed Tasks\\Infinity Solution\\server_v1\\node_modules\\express\\lib\\router\\index.js:328:13)\n    at N:\\Interviewed Tasks\\Infinity Solution\\server_v1\\node_modules\\express\\lib\\router\\index.js:286:9\n    at Function.process_params (N:\\Interviewed Tasks\\Infinity Solution\\server_v1\\node_modules\\express\\lib\\router\\index.js:346:12)\n    at next (N:\\Interviewed Tasks\\Infinity Solution\\server_v1\\node_modules\\express\\lib\\router\\index.js:280:10)\n    at N:\\Interviewed Tasks\\Infinity Solution\\server_v1\\node_modules\\express\\lib\\router\\index.js:646:15\n    at Immediate.next (N:\\Interviewed Tasks\\Infinity Solution\\server_v1\\node_modules\\express\\lib\\router\\index.js:265:14)\n    at Immediate._onImmediate (N:\\Interviewed Tasks\\Infinity Solution\\server_v1\\node_modules\\express\\lib\\router\\index.js:646:15)\n    at processImmediate (node:internal/timers:493:21)","level":"error","message":"Request not found!","timestamp":"2024-11-10T18:57:29.781Z"}}
{"error":{"service":"user-service","level":"info","message":"GET /api/v1/users/by-token","timestamp":"2024-11-10T18:57:29.810Z"}}
{"error":{"service":"user-service","statusCode":404,"level":"warn","message":"Request not found!","timestamp":"2024-11-10T18:57:29.815Z"}}
{"error":{"service":"user-service","statusCode":404,"stack":"Error: Request not found!\n    at notFoundHandler (N:\\Interviewed Tasks\\Infinity Solution\\server_v1\\src\\middlewares\\notFountHandler.ts:6:17)\n    at Layer.handle [as handle_request] (N:\\Interviewed Tasks\\Infinity Solution\\server_v1\\node_modules\\express\\lib\\router\\layer.js:95:5)\n    at trim_prefix (N:\\Interviewed Tasks\\Infinity Solution\\server_v1\\node_modules\\express\\lib\\router\\index.js:328:13)\n    at N:\\Interviewed Tasks\\Infinity Solution\\server_v1\\node_modules\\express\\lib\\router\\index.js:286:9\n    at Function.process_params (N:\\Interviewed Tasks\\Infinity Solution\\server_v1\\node_modules\\express\\lib\\router\\index.js:346:12)\n    at next (N:\\Interviewed Tasks\\Infinity Solution\\server_v1\\node_modules\\express\\lib\\router\\index.js:280:10)\n    at N:\\Interviewed Tasks\\Infinity Solution\\server_v1\\node_modules\\express\\lib\\router\\index.js:646:15\n    at Immediate.next (N:\\Interviewed Tasks\\Infinity Solution\\server_v1\\node_modules\\express\\lib\\router\\index.js:265:14)\n    at Immediate._onImmediate (N:\\Interviewed Tasks\\Infinity Solution\\server_v1\\node_modules\\express\\lib\\router\\index.js:646:15)\n    at processImmediate (node:internal/timers:493:21)","level":"error","message":"Request not found!","timestamp":"2024-11-10T18:57:29.818Z"}}
{"error":{"service":"user-service","level":"info","message":"POST /api/v1/auth/sign-in","timestamp":"2024-11-10T18:58:07.922Z"}}
